# JRE version: Java(TM) SE Runtime Environment (8.0_201-b09) (build 1.8.0_201-b09)
# Java VM: Java HotSpot(TM) 64-Bit Server VM (25.201-b09 mixed mode windows-amd64 compressed oops)
Heap:
 PSYoungGen      total 102400K, used 92017K [0x00000000e0980000, 0x00000000e8200000, 0x0000000100000000)
  eden space 94208K, 92% used [0x00000000e0980000,0x00000000e5e83f08,0x00000000e6580000)
  from space 8192K, 60% used [0x00000000e7a00000,0x00000000e7ed87f8,0x00000000e8200000)
  to   space 8192K, 0% used [0x00000000e6580000,0x00000000e6580000,0x00000000e6d80000)
 ParOldGen       total 46080K, used 6007K [0x00000000a1c00000, 0x00000000a4900000, 0x00000000e0980000)
  object space 46080K, 13% used [0x00000000a1c00000,0x00000000a21dde20,0x00000000a4900000)
 Metaspace       used 25306K, capacity 26932K, committed 27184K, reserved 1073152K
  class space    used 3303K, capacity 3620K, committed 3632K, reserved 1048576K
GC Heap History (10 events):
Event: 7.884 GC heap before
{Heap before GC invocations=5 (full 0):
 PSYoungGen      total 53248K, used 19348K [0x00000000e0980000, 0x00000000e4180000, 0x0000000100000000)
  eden space 49152K, 31% used [0x00000000e0980000,0x00000000e186c740,0x00000000e3980000)
  from space 4096K, 99% used [0x00000000e3d80000,0x00000000e4178a98,0x00000000e4180000)
  to   space 4096K, 0% used [0x00000000e3980000,0x00000000e3980000,0x00000000e3d80000)
 ParOldGen       total 65536K, used 5119K [0x00000000a1c00000, 0x00000000a5c00000, 0x00000000e0980000)
  object space 65536K, 7% used [0x00000000a1c00000,0x00000000a20ffd50,0x00000000a5c00000)
 Metaspace       used 19976K, capacity 21248K, committed 21296K, reserved 1067008K
  class space    used 2573K, capacity 2844K, committed 2864K, reserved 1048576K
Event: 7.910 GC heap after
Heap after GC invocations=5 (full 0):
 PSYoungGen      total 53248K, used 4082K [0x00000000e0980000, 0x00000000e7980000, 0x0000000100000000)
  eden space 49152K, 0% used [0x00000000e0980000,0x00000000e0980000,0x00000000e3980000)
  from space 4096K, 99% used [0x00000000e3980000,0x00000000e3d7caa8,0x00000000e3d80000)
  to   space 8192K, 0% used [0x00000000e7180000,0x00000000e7180000,0x00000000e7980000)
 ParOldGen       total 65536K, used 7112K [0x00000000a1c00000, 0x00000000a5c00000, 0x00000000e0980000)
  object space 65536K, 10% used [0x00000000a1c00000,0x00000000a22f2178,0x00000000a5c00000)
 Metaspace       used 19976K, capacity 21248K, committed 21296K, reserved 1067008K
  class space    used 2573K, capacity 2844K, committed 2864K, reserved 1048576K
}
Event: 7.910 GC heap before
{Heap before GC invocations=6 (full 1):
 PSYoungGen      total 53248K, used 4082K [0x00000000e0980000, 0x00000000e7980000, 0x0000000100000000)
  eden space 49152K, 0% used [0x00000000e0980000,0x00000000e0980000,0x00000000e3980000)
  from space 4096K, 99% used [0x00000000e3980000,0x00000000e3d7caa8,0x00000000e3d80000)
  to   space 8192K, 0% used [0x00000000e7180000,0x00000000e7180000,0x00000000e7980000)
 ParOldGen       total 65536K, used 7112K [0x00000000a1c00000, 0x00000000a5c00000, 0x00000000e0980000)
  object space 65536K, 10% used [0x00000000a1c00000,0x00000000a22f2178,0x00000000a5c00000)
 Metaspace       used 19976K, capacity 21248K, committed 21296K, reserved 1067008K
  class space    used 2573K, capacity 2844K, committed 2864K, reserved 1048576K
Event: 8.084 GC heap after
Heap after GC invocations=6 (full 1):
 PSYoungGen      total 53248K, used 0K [0x00000000e0980000, 0x00000000e7980000, 0x0000000100000000)
  eden space 49152K, 0% used [0x00000000e0980000,0x00000000e0980000,0x00000000e3980000)
  from space 4096K, 0% used [0x00000000e3980000,0x00000000e3980000,0x00000000e3d80000)
  to   space 8192K, 0% used [0x00000000e7180000,0x00000000e7180000,0x00000000e7980000)
 ParOldGen       total 46080K, used 5983K [0x00000000a1c00000, 0x00000000a4900000, 0x00000000e0980000)
  object space 46080K, 12% used [0x00000000a1c00000,0x00000000a21d7e20,0x00000000a4900000)
 Metaspace       used 19976K, capacity 21248K, committed 21296K, reserved 1067008K
  class space    used 2573K, capacity 2844K, committed 2864K, reserved 1048576K
}
Event: 9.456 GC heap before
{Heap before GC invocations=7 (full 1):
 PSYoungGen      total 53248K, used 49152K [0x00000000e0980000, 0x00000000e7980000, 0x0000000100000000)
  eden space 49152K, 100% used [0x00000000e0980000,0x00000000e3980000,0x00000000e3980000)
  from space 4096K, 0% used [0x00000000e3980000,0x00000000e3980000,0x00000000e3d80000)
  to   space 8192K, 0% used [0x00000000e7180000,0x00000000e7180000,0x00000000e7980000)
 ParOldGen       total 46080K, used 5983K [0x00000000a1c00000, 0x00000000a4900000, 0x00000000e0980000)
  object space 46080K, 12% used [0x00000000a1c00000,0x00000000a21d7e20,0x00000000a4900000)
 Metaspace       used 22301K, capacity 23732K, committed 23984K, reserved 1071104K
  class space    used 2872K, capacity 3160K, committed 3248K, reserved 1048576K
Event: 9.467 GC heap after
Heap after GC invocations=7 (full 1):
 PSYoungGen      total 77312K, used 3952K [0x00000000e0980000, 0x00000000e7580000, 0x0000000100000000)
  eden space 73216K, 0% used [0x00000000e0980000,0x00000000e0980000,0x00000000e5100000)
  from space 4096K, 96% used [0x00000000e7180000,0x00000000e755c290,0x00000000e7580000)
  to   space 8192K, 0% used [0x00000000e6580000,0x00000000e6580000,0x00000000e6d80000)
 ParOldGen       total 46080K, used 5991K [0x00000000a1c00000, 0x00000000a4900000, 0x00000000e0980000)
  object space 46080K, 13% used [0x00000000a1c00000,0x00000000a21d9e20,0x00000000a4900000)
 Metaspace       used 22301K, capacity 23732K, committed 23984K, reserved 1071104K
  class space    used 2872K, capacity 3160K, committed 3248K, reserved 1048576K
}
Event: 10.013 GC heap before
{Heap before GC invocations=8 (full 1):
 PSYoungGen      total 77312K, used 77168K [0x00000000e0980000, 0x00000000e7580000, 0x0000000100000000)
  eden space 73216K, 100% used [0x00000000e0980000,0x00000000e5100000,0x00000000e5100000)
  from space 4096K, 96% used [0x00000000e7180000,0x00000000e755c290,0x00000000e7580000)
  to   space 8192K, 0% used [0x00000000e6580000,0x00000000e6580000,0x00000000e6d80000)
 ParOldGen       total 46080K, used 5991K [0x00000000a1c00000, 0x00000000a4900000, 0x00000000e0980000)
  object space 46080K, 13% used [0x00000000a1c00000,0x00000000a21d9e20,0x00000000a4900000)
 Metaspace       used 22599K, capacity 24074K, committed 24240K, reserved 1071104K
  class space    used 2899K, capacity 3197K, committed 3248K, reserved 1048576K
Event: 10.020 GC heap after
Heap after GC invocations=8 (full 1):
 PSYoungGen      total 102400K, used 2650K [0x00000000e0980000, 0x00000000e8200000, 0x0000000100000000)
  eden space 94208K, 0% used [0x00000000e0980000,0x00000000e0980000,0x00000000e6580000)
  from space 8192K, 32% used [0x00000000e6580000,0x00000000e6816918,0x00000000e6d80000)
  to   space 8192K, 0% used [0x00000000e7a00000,0x00000000e7a00000,0x00000000e8200000)
 ParOldGen       total 46080K, used 5999K [0x00000000a1c00000, 0x00000000a4900000, 0x00000000e0980000)
  object space 46080K, 13% used [0x00000000a1c00000,0x00000000a21dbe20,0x00000000a4900000)
 Metaspace       used 22599K, capacity 24074K, committed 24240K, reserved 1071104K
  class space    used 2899K, capacity 3197K, committed 3248K, reserved 1048576K
}
Event: 10.752 GC heap before
{Heap before GC invocations=9 (full 1):
 PSYoungGen      total 102400K, used 96858K [0x00000000e0980000, 0x00000000e8200000, 0x0000000100000000)
  eden space 94208K, 100% used [0x00000000e0980000,0x00000000e6580000,0x00000000e6580000)
  from space 8192K, 32% used [0x00000000e6580000,0x00000000e6816918,0x00000000e6d80000)
  to   space 8192K, 0% used [0x00000000e7a00000,0x00000000e7a00000,0x00000000e8200000)
 ParOldGen       total 46080K, used 5999K [0x00000000a1c00000, 0x00000000a4900000, 0x00000000e0980000)
  object space 46080K, 13% used [0x00000000a1c00000,0x00000000a21dbe20,0x00000000a4900000)
 Metaspace       used 23049K, capacity 24496K, committed 24496K, reserved 1071104K
  class space    used 2955K, capacity 3248K, committed 3248K, reserved 1048576K
Event: 10.766 GC heap after
Heap after GC invocations=9 (full 1):
 PSYoungGen      total 102400K, used 4961K [0x00000000e0980000, 0x00000000e8200000, 0x0000000100000000)
  eden space 94208K, 0% used [0x00000000e0980000,0x00000000e0980000,0x00000000e6580000)
  from space 8192K, 60% used [0x00000000e7a00000,0x00000000e7ed87f8,0x00000000e8200000)
  to   space 8192K, 0% used [0x00000000e6580000,0x00000000e6580000,0x00000000e6d80000)
 ParOldGen       total 46080K, used 6007K [0x00000000a1c00000, 0x00000000a4900000, 0x00000000e0980000)
  object space 46080K, 13% used [0x00000000a1c00000,0x00000000a21dde20,0x00000000a4900000)
 Metaspace       used 23049K, capacity 24496K, committed 24496K, reserved 1071104K
  class space    used 2955K, capacity 3248K, committed 3248K, reserved 1048576K
}

