# JRE version: Java(TM) SE Runtime Environment (8.0_201-b09) (build 1.8.0_201-b09)
# Java VM: Java HotSpot(TM) 64-Bit Server VM (25.201-b09 mixed mode windows-amd64 compressed oops)
Heap:
 PSYoungGen      total 225792K, used 32848K [0x00000000e0980000, 0x00000000ef400000, 0x0000000100000000)
  eden space 221184K, 12% used [0x00000000e0980000,0x00000000e2549c68,0x00000000ee180000)
  from space 4608K, 95% used [0x00000000eef80000,0x00000000ef3ca488,0x00000000ef400000)
  to   space 9216K, 0% used [0x00000000ee200000,0x00000000ee200000,0x00000000eeb00000)
 ParOldGen       total 72192K, used 13792K [0x00000000a1c00000, 0x00000000a6280000, 0x00000000e0980000)
  object space 72192K, 19% used [0x00000000a1c00000,0x00000000a2978070,0x00000000a6280000)
 Metaspace       used 37771K, capacity 40436K, committed 40536K, reserved 1085440K
  class space    used 5013K, capacity 5486K, committed 5504K, reserved 1048576K
GC Heap History (10 events):
Event: 64.118 GC heap before
{Heap before GC invocations=18 (full 2):
 PSYoungGen      total 153088K, used 150800K [0x00000000e0980000, 0x00000000ecb00000, 0x0000000100000000)
  eden space 143872K, 100% used [0x00000000e0980000,0x00000000e9600000,0x00000000e9600000)
  from space 9216K, 75% used [0x00000000e9600000,0x00000000e9cc4010,0x00000000e9f00000)
  to   space 9728K, 0% used [0x00000000ec180000,0x00000000ec180000,0x00000000ecb00000)
 ParOldGen       total 72192K, used 11408K [0x00000000a1c00000, 0x00000000a6280000, 0x00000000e0980000)
  object space 72192K, 15% used [0x00000000a1c00000,0x00000000a2724178,0x00000000a6280000)
 Metaspace       used 37361K, capacity 39964K, committed 40024K, reserved 1083392K
  class space    used 5005K, capacity 5474K, committed 5504K, reserved 1048576K
Event: 64.150 GC heap after
Heap after GC invocations=18 (full 2):
 PSYoungGen      total 188928K, used 4410K [0x00000000e0980000, 0x00000000edc80000, 0x0000000100000000)
  eden space 179200K, 0% used [0x00000000e0980000,0x00000000e0980000,0x00000000eb880000)
  from space 9728K, 45% used [0x00000000ec180000,0x00000000ec5ceb68,0x00000000ecb00000)
  to   space 9216K, 0% used [0x00000000eb880000,0x00000000eb880000,0x00000000ec180000)
 ParOldGen       total 72192K, used 11416K [0x00000000a1c00000, 0x00000000a6280000, 0x00000000e0980000)
  object space 72192K, 15% used [0x00000000a1c00000,0x00000000a2726178,0x00000000a6280000)
 Metaspace       used 37361K, capacity 39964K, committed 40024K, reserved 1083392K
  class space    used 5005K, capacity 5474K, committed 5504K, reserved 1048576K
}
Event: 65.109 GC heap before
{Heap before GC invocations=19 (full 2):
 PSYoungGen      total 188928K, used 183610K [0x00000000e0980000, 0x00000000edc80000, 0x0000000100000000)
  eden space 179200K, 100% used [0x00000000e0980000,0x00000000eb880000,0x00000000eb880000)
  from space 9728K, 45% used [0x00000000ec180000,0x00000000ec5ceb68,0x00000000ecb00000)
  to   space 9216K, 0% used [0x00000000eb880000,0x00000000eb880000,0x00000000ec180000)
 ParOldGen       total 72192K, used 11416K [0x00000000a1c00000, 0x00000000a6280000, 0x00000000e0980000)
  object space 72192K, 15% used [0x00000000a1c00000,0x00000000a2726178,0x00000000a6280000)
 Metaspace       used 37396K, capacity 40032K, committed 40280K, reserved 1083392K
  class space    used 5005K, capacity 5474K, committed 5504K, reserved 1048576K
Event: 65.135 GC heap after
Heap after GC invocations=19 (full 2):
 PSYoungGen      total 188416K, used 6707K [0x00000000e0980000, 0x00000000ef900000, 0x0000000100000000)
  eden space 179200K, 0% used [0x00000000e0980000,0x00000000e0980000,0x00000000eb880000)
  from space 9216K, 72% used [0x00000000eb880000,0x00000000ebf0cde8,0x00000000ec180000)
  to   space 9728K, 0% used [0x00000000eef80000,0x00000000eef80000,0x00000000ef900000)
 ParOldGen       total 72192K, used 11416K [0x00000000a1c00000, 0x00000000a6280000, 0x00000000e0980000)
  object space 72192K, 15% used [0x00000000a1c00000,0x00000000a2726178,0x00000000a6280000)
 Metaspace       used 37396K, capacity 40032K, committed 40280K, reserved 1083392K
  class space    used 5005K, capacity 5474K, committed 5504K, reserved 1048576K
}
Event: 74.805 GC heap before
{Heap before GC invocations=20 (full 2):
 PSYoungGen      total 188416K, used 185907K [0x00000000e0980000, 0x00000000ef900000, 0x0000000100000000)
  eden space 179200K, 100% used [0x00000000e0980000,0x00000000eb880000,0x00000000eb880000)
  from space 9216K, 72% used [0x00000000eb880000,0x00000000ebf0cde8,0x00000000ec180000)
  to   space 9728K, 0% used [0x00000000eef80000,0x00000000eef80000,0x00000000ef900000)
 ParOldGen       total 72192K, used 11416K [0x00000000a1c00000, 0x00000000a6280000, 0x00000000e0980000)
  object space 72192K, 15% used [0x00000000a1c00000,0x00000000a2726178,0x00000000a6280000)
 Metaspace       used 37624K, capacity 40274K, committed 40536K, reserved 1085440K
  class space    used 5010K, capacity 5481K, committed 5504K, reserved 1048576K
Event: 74.830 GC heap after
Heap after GC invocations=20 (full 2):
 PSYoungGen      total 225792K, used 4570K [0x00000000e0980000, 0x00000000ef400000, 0x0000000100000000)
  eden space 221184K, 0% used [0x00000000e0980000,0x00000000e0980000,0x00000000ee180000)
  from space 4608K, 99% used [0x00000000eef80000,0x00000000ef3f68d0,0x00000000ef400000)
  to   space 9216K, 0% used [0x00000000ee200000,0x00000000ee200000,0x00000000eeb00000)
 ParOldGen       total 72192K, used 11424K [0x00000000a1c00000, 0x00000000a6280000, 0x00000000e0980000)
  object space 72192K, 15% used [0x00000000a1c00000,0x00000000a2728178,0x00000000a6280000)
 Metaspace       used 37624K, capacity 40274K, committed 40536K, reserved 1085440K
  class space    used 5010K, capacity 5481K, committed 5504K, reserved 1048576K
}
Event: 75.491 GC heap before
{Heap before GC invocations=21 (full 2):
 PSYoungGen      total 225792K, used 225754K [0x00000000e0980000, 0x00000000ef400000, 0x0000000100000000)
  eden space 221184K, 100% used [0x00000000e0980000,0x00000000ee180000,0x00000000ee180000)
  from space 4608K, 99% used [0x00000000eef80000,0x00000000ef3f68d0,0x00000000ef400000)
  to   space 9216K, 0% used [0x00000000ee200000,0x00000000ee200000,0x00000000eeb00000)
 ParOldGen       total 72192K, used 11424K [0x00000000a1c00000, 0x00000000a6280000, 0x00000000e0980000)
  object space 72192K, 15% used [0x00000000a1c00000,0x00000000a2728178,0x00000000a6280000)
 Metaspace       used 37645K, capacity 40274K, committed 40536K, reserved 1085440K
  class space    used 5010K, capacity 5481K, committed 5504K, reserved 1048576K
Event: 75.509 GC heap after
Heap after GC invocations=21 (full 2):
 PSYoungGen      total 230400K, used 4540K [0x00000000e0980000, 0x00000000ef400000, 0x0000000100000000)
  eden space 221184K, 0% used [0x00000000e0980000,0x00000000e0980000,0x00000000ee180000)
  from space 9216K, 49% used [0x00000000ee200000,0x00000000ee66f130,0x00000000eeb00000)
  to   space 4608K, 0% used [0x00000000eef80000,0x00000000eef80000,0x00000000ef400000)
 ParOldGen       total 72192K, used 11424K [0x00000000a1c00000, 0x00000000a6280000, 0x00000000e0980000)
  object space 72192K, 15% used [0x00000000a1c00000,0x00000000a2728178,0x00000000a6280000)
 Metaspace       used 37645K, capacity 40274K, committed 40536K, reserved 1085440K
  class space    used 5010K, capacity 5481K, committed 5504K, reserved 1048576K
}
Event: 76.469 GC heap before
{Heap before GC invocations=22 (full 2):
 PSYoungGen      total 230400K, used 225724K [0x00000000e0980000, 0x00000000ef400000, 0x0000000100000000)
  eden space 221184K, 100% used [0x00000000e0980000,0x00000000ee180000,0x00000000ee180000)
  from space 9216K, 49% used [0x00000000ee200000,0x00000000ee66f130,0x00000000eeb00000)
  to   space 4608K, 0% used [0x00000000eef80000,0x00000000eef80000,0x00000000ef400000)
 ParOldGen       total 72192K, used 11424K [0x00000000a1c00000, 0x00000000a6280000, 0x00000000e0980000)
  object space 72192K, 15% used [0x00000000a1c00000,0x00000000a2728178,0x00000000a6280000)
 Metaspace       used 37660K, capacity 40278K, committed 40536K, reserved 1085440K
  class space    used 5010K, capacity 5481K, committed 5504K, reserved 1048576K
Event: 76.497 GC heap after
Heap after GC invocations=22 (full 2):
 PSYoungGen      total 225792K, used 4393K [0x00000000e0980000, 0x00000000ef400000, 0x0000000100000000)
  eden space 221184K, 0% used [0x00000000e0980000,0x00000000e0980000,0x00000000ee180000)
  from space 4608K, 95% used [0x00000000eef80000,0x00000000ef3ca488,0x00000000ef400000)
  to   space 9216K, 0% used [0x00000000ee200000,0x00000000ee200000,0x00000000eeb00000)
 ParOldGen       total 72192K, used 13792K [0x00000000a1c00000, 0x00000000a6280000, 0x00000000e0980000)
  object space 72192K, 19% used [0x00000000a1c00000,0x00000000a2978070,0x00000000a6280000)
 Metaspace       used 37660K, capacity 40278K, committed 40536K, reserved 1085440K
  class space    used 5010K, capacity 5481K, committed 5504K, reserved 1048576K
}

