# JRE version: Java(TM) SE Runtime Environment (8.0_201-b09) (build 1.8.0_201-b09)
# Java VM: Java HotSpot(TM) 64-Bit Server VM (25.201-b09 mixed mode windows-amd64 compressed oops)
Heap:
 PSYoungGen      total 156672K, used 64044K [0x00000000e0980000, 0x00000000edb80000, 0x0000000100000000)
  eden space 147968K, 43% used [0x00000000e0980000,0x00000000e480b278,0x00000000e9a00000)
  from space 8704K, 0% used [0x00000000e9a00000,0x00000000e9a00000,0x00000000ea280000)
  to   space 12288K, 0% used [0x00000000ecf80000,0x00000000ecf80000,0x00000000edb80000)
 ParOldGen       total 44032K, used 18917K [0x00000000a1c00000, 0x00000000a4700000, 0x00000000e0980000)
  object space 44032K, 42% used [0x00000000a1c00000,0x00000000a2e79460,0x00000000a4700000)
 Metaspace       used 34900K, capacity 37501K, committed 37760K, reserved 1087488K
  class space    used 4679K, capacity 5138K, committed 5248K, reserved 1048576K
GC Heap History (10 events):
Event: 5.734 GC heap before
{Heap before GC invocations=7 (full 1):
 PSYoungGen      total 105984K, used 5697K [0x00000000e0980000, 0x00000000e7880000, 0x0000000100000000)
  eden space 98304K, 0% used [0x00000000e0980000,0x00000000e0980000,0x00000000e6980000)
  from space 7680K, 74% used [0x00000000e7100000,0x00000000e76906e0,0x00000000e7880000)
  to   space 7680K, 0% used [0x00000000e6980000,0x00000000e6980000,0x00000000e7100000)
 ParOldGen       total 65536K, used 4208K [0x00000000a1c00000, 0x00000000a5c00000, 0x00000000e0980000)
  object space 65536K, 6% used [0x00000000a1c00000,0x00000000a201c1b8,0x00000000a5c00000)
 Metaspace       used 20379K, capacity 21102K, committed 21248K, reserved 1067008K
  class space    used 2523K, capacity 2733K, committed 2816K, reserved 1048576K
Event: 5.866 GC heap after
Heap after GC invocations=7 (full 1):
 PSYoungGen      total 105984K, used 0K [0x00000000e0980000, 0x00000000e7880000, 0x0000000100000000)
  eden space 98304K, 0% used [0x00000000e0980000,0x00000000e0980000,0x00000000e6980000)
  from space 7680K, 0% used [0x00000000e7100000,0x00000000e7100000,0x00000000e7880000)
  to   space 7680K, 0% used [0x00000000e6980000,0x00000000e6980000,0x00000000e7100000)
 ParOldGen       total 44032K, used 5754K [0x00000000a1c00000, 0x00000000a4700000, 0x00000000e0980000)
  object space 44032K, 13% used [0x00000000a1c00000,0x00000000a219eb40,0x00000000a4700000)
 Metaspace       used 20377K, capacity 21096K, committed 21248K, reserved 1067008K
  class space    used 2522K, capacity 2732K, committed 2816K, reserved 1048576K
}
Event: 8.060 GC heap before
{Heap before GC invocations=8 (full 1):
 PSYoungGen      total 105984K, used 98304K [0x00000000e0980000, 0x00000000e7880000, 0x0000000100000000)
  eden space 98304K, 100% used [0x00000000e0980000,0x00000000e6980000,0x00000000e6980000)
  from space 7680K, 0% used [0x00000000e7100000,0x00000000e7100000,0x00000000e7880000)
  to   space 7680K, 0% used [0x00000000e6980000,0x00000000e6980000,0x00000000e7100000)
 ParOldGen       total 44032K, used 5754K [0x00000000a1c00000, 0x00000000a4700000, 0x00000000e0980000)
  object space 44032K, 13% used [0x00000000a1c00000,0x00000000a219eb40,0x00000000a4700000)
 Metaspace       used 21084K, capacity 21896K, committed 22144K, reserved 1069056K
  class space    used 2666K, capacity 2854K, committed 2944K, reserved 1048576K
Event: 8.075 GC heap after
Heap after GC invocations=8 (full 1):
 PSYoungGen      total 105984K, used 4562K [0x00000000e0980000, 0x00000000eaa80000, 0x0000000100000000)
  eden space 98304K, 0% used [0x00000000e0980000,0x00000000e0980000,0x00000000e6980000)
  from space 7680K, 59% used [0x00000000e6980000,0x00000000e6df48c0,0x00000000e7100000)
  to   space 7168K, 0% used [0x00000000ea380000,0x00000000ea380000,0x00000000eaa80000)
 ParOldGen       total 44032K, used 5762K [0x00000000a1c00000, 0x00000000a4700000, 0x00000000e0980000)
  object space 44032K, 13% used [0x00000000a1c00000,0x00000000a21a0b40,0x00000000a4700000)
 Metaspace       used 21084K, capacity 21896K, committed 22144K, reserved 1069056K
  class space    used 2666K, capacity 2854K, committed 2944K, reserved 1048576K
}
Event: 10.471 GC heap before
{Heap before GC invocations=9 (full 1):
 PSYoungGen      total 105984K, used 102866K [0x00000000e0980000, 0x00000000eaa80000, 0x0000000100000000)
  eden space 98304K, 100% used [0x00000000e0980000,0x00000000e6980000,0x00000000e6980000)
  from space 7680K, 59% used [0x00000000e6980000,0x00000000e6df48c0,0x00000000e7100000)
  to   space 7168K, 0% used [0x00000000ea380000,0x00000000ea380000,0x00000000eaa80000)
 ParOldGen       total 44032K, used 5762K [0x00000000a1c00000, 0x00000000a4700000, 0x00000000e0980000)
  object space 44032K, 13% used [0x00000000a1c00000,0x00000000a21a0b40,0x00000000a4700000)
 Metaspace       used 25797K, capacity 26968K, committed 27136K, reserved 1073152K
  class space    used 3297K, capacity 3552K, committed 3584K, reserved 1048576K
Event: 10.510 GC heap after
Heap after GC invocations=9 (full 1):
 PSYoungGen      total 155136K, used 7164K [0x00000000e0980000, 0x00000000eab00000, 0x0000000100000000)
  eden space 147968K, 0% used [0x00000000e0980000,0x00000000e0980000,0x00000000e9a00000)
  from space 7168K, 99% used [0x00000000ea380000,0x00000000eaa7f320,0x00000000eaa80000)
  to   space 8704K, 0% used [0x00000000e9a00000,0x00000000e9a00000,0x00000000ea280000)
 ParOldGen       total 44032K, used 7187K [0x00000000a1c00000, 0x00000000a4700000, 0x00000000e0980000)
  object space 44032K, 16% used [0x00000000a1c00000,0x00000000a2304f88,0x00000000a4700000)
 Metaspace       used 25797K, capacity 26968K, committed 27136K, reserved 1073152K
  class space    used 3297K, capacity 3552K, committed 3584K, reserved 1048576K
}
Event: 14.310 GC heap before
{Heap before GC invocations=10 (full 1):
 PSYoungGen      total 155136K, used 154726K [0x00000000e0980000, 0x00000000eab00000, 0x0000000100000000)
  eden space 147968K, 99% used [0x00000000e0980000,0x00000000e999a6d0,0x00000000e9a00000)
  from space 7168K, 99% used [0x00000000ea380000,0x00000000eaa7f320,0x00000000eaa80000)
  to   space 8704K, 0% used [0x00000000e9a00000,0x00000000e9a00000,0x00000000ea280000)
 ParOldGen       total 44032K, used 7187K [0x00000000a1c00000, 0x00000000a4700000, 0x00000000e0980000)
  object space 44032K, 16% used [0x00000000a1c00000,0x00000000a2304f88,0x00000000a4700000)
 Metaspace       used 33170K, capacity 35342K, committed 35416K, reserved 1079296K
  class space    used 4393K, capacity 4792K, committed 4864K, reserved 1048576K
Event: 14.358 GC heap after
Heap after GC invocations=10 (full 1):
 PSYoungGen      total 156672K, used 8672K [0x00000000e0980000, 0x00000000edb80000, 0x0000000100000000)
  eden space 147968K, 0% used [0x00000000e0980000,0x00000000e0980000,0x00000000e9a00000)
  from space 8704K, 99% used [0x00000000e9a00000,0x00000000ea278020,0x00000000ea280000)
  to   space 12288K, 0% used [0x00000000ecf80000,0x00000000ecf80000,0x00000000edb80000)
 ParOldGen       total 44032K, used 13775K [0x00000000a1c00000, 0x00000000a4700000, 0x00000000e0980000)
  object space 44032K, 31% used [0x00000000a1c00000,0x00000000a2973cb0,0x00000000a4700000)
 Metaspace       used 33170K, capacity 35342K, committed 35416K, reserved 1079296K
  class space    used 4393K, capacity 4792K, committed 4864K, reserved 1048576K
}
Event: 14.358 GC heap before
{Heap before GC invocations=11 (full 2):
 PSYoungGen      total 156672K, used 8672K [0x00000000e0980000, 0x00000000edb80000, 0x0000000100000000)
  eden space 147968K, 0% used [0x00000000e0980000,0x00000000e0980000,0x00000000e9a00000)
  from space 8704K, 99% used [0x00000000e9a00000,0x00000000ea278020,0x00000000ea280000)
  to   space 12288K, 0% used [0x00000000ecf80000,0x00000000ecf80000,0x00000000edb80000)
 ParOldGen       total 44032K, used 13775K [0x00000000a1c00000, 0x00000000a4700000, 0x00000000e0980000)
  object space 44032K, 31% used [0x00000000a1c00000,0x00000000a2973cb0,0x00000000a4700000)
 Metaspace       used 33170K, capacity 35342K, committed 35416K, reserved 1079296K
  class space    used 4393K, capacity 4792K, committed 4864K, reserved 1048576K
Event: 14.621 GC heap after
Heap after GC invocations=11 (full 2):
 PSYoungGen      total 156672K, used 0K [0x00000000e0980000, 0x00000000edb80000, 0x0000000100000000)
  eden space 147968K, 0% used [0x00000000e0980000,0x00000000e0980000,0x00000000e9a00000)
  from space 8704K, 0% used [0x00000000e9a00000,0x00000000e9a00000,0x00000000ea280000)
  to   space 12288K, 0% used [0x00000000ecf80000,0x00000000ecf80000,0x00000000edb80000)
 ParOldGen       total 44032K, used 18917K [0x00000000a1c00000, 0x00000000a4700000, 0x00000000e0980000)
  object space 44032K, 42% used [0x00000000a1c00000,0x00000000a2e79460,0x00000000a4700000)
 Metaspace       used 33170K, capacity 35342K, committed 35416K, reserved 1079296K
  class space    used 4393K, capacity 4792K, committed 4864K, reserved 1048576K
}

