# JRE version: Java(TM) SE Runtime Environment (8.0_201-b09) (build 1.8.0_201-b09)
# Java VM: Java HotSpot(TM) 64-Bit Server VM (25.201-b09 mixed mode windows-amd64 compressed oops)
Heap:
 PSYoungGen      total 101888K, used 47589K [0x00000000e0980000, 0x00000000e9b00000, 0x0000000100000000)
  eden space 96768K, 48% used [0x00000000e0980000,0x00000000e377eae8,0x00000000e6800000)
  from space 5120K, 9% used [0x00000000e6e80000,0x00000000e6efabb0,0x00000000e7380000)
  to   space 6656K, 0% used [0x00000000e6800000,0x00000000e6800000,0x00000000e6e80000)
 ParOldGen       total 37376K, used 8176K [0x00000000a1c00000, 0x00000000a4080000, 0x00000000e0980000)
  object space 37376K, 21% used [0x00000000a1c00000,0x00000000a23fc1f0,0x00000000a4080000)
 Metaspace       used 27028K, capacity 28514K, committed 28796K, reserved 1075200K
  class space    used 3134K, capacity 3427K, committed 3456K, reserved 1048576K
GC Heap History (10 events):
Event: 14.013 GC heap before
{Heap before GC invocations=9 (full 1):
 PSYoungGen      total 102400K, used 2802K [0x00000000e0980000, 0x00000000e7580000, 0x0000000100000000)
  eden space 97280K, 0% used [0x00000000e0980000,0x00000000e0980000,0x00000000e6880000)
  from space 5120K, 54% used [0x00000000e6e80000,0x00000000e713cba8,0x00000000e7380000)
  to   space 6144K, 0% used [0x00000000e6880000,0x00000000e6880000,0x00000000e6e80000)
 ParOldGen       total 65536K, used 3879K [0x00000000a1c00000, 0x00000000a5c00000, 0x00000000e0980000)
  object space 65536K, 5% used [0x00000000a1c00000,0x00000000a1fc9f98,0x00000000a5c00000)
 Metaspace       used 20293K, capacity 21482K, committed 21628K, reserved 1069056K
  class space    used 2382K, capacity 2617K, committed 2688K, reserved 1048576K
Event: 14.175 GC heap after
Heap after GC invocations=9 (full 1):
 PSYoungGen      total 102400K, used 0K [0x00000000e0980000, 0x00000000e7580000, 0x0000000100000000)
  eden space 97280K, 0% used [0x00000000e0980000,0x00000000e0980000,0x00000000e6880000)
  from space 5120K, 0% used [0x00000000e6e80000,0x00000000e6e80000,0x00000000e7380000)
  to   space 6144K, 0% used [0x00000000e6880000,0x00000000e6880000,0x00000000e6e80000)
 ParOldGen       total 37376K, used 5467K [0x00000000a1c00000, 0x00000000a4080000, 0x00000000e0980000)
  object space 37376K, 14% used [0x00000000a1c00000,0x00000000a2156fb8,0x00000000a4080000)
 Metaspace       used 20293K, capacity 21482K, committed 21628K, reserved 1069056K
  class space    used 2382K, capacity 2617K, committed 2688K, reserved 1048576K
}
Event: 15.532 GC heap before
{Heap before GC invocations=10 (full 1):
 PSYoungGen      total 102400K, used 97280K [0x00000000e0980000, 0x00000000e7580000, 0x0000000100000000)
  eden space 97280K, 100% used [0x00000000e0980000,0x00000000e6880000,0x00000000e6880000)
  from space 5120K, 0% used [0x00000000e6e80000,0x00000000e6e80000,0x00000000e7380000)
  to   space 6144K, 0% used [0x00000000e6880000,0x00000000e6880000,0x00000000e6e80000)
 ParOldGen       total 37376K, used 5467K [0x00000000a1c00000, 0x00000000a4080000, 0x00000000e0980000)
  object space 37376K, 14% used [0x00000000a1c00000,0x00000000a2156fb8,0x00000000a4080000)
 Metaspace       used 23199K, capacity 24442K, committed 24828K, reserved 1071104K
  class space    used 2710K, capacity 2957K, committed 3072K, reserved 1048576K
Event: 15.544 GC heap after
Heap after GC invocations=10 (full 1):
 PSYoungGen      total 103424K, used 3390K [0x00000000e0980000, 0x00000000e7580000, 0x0000000100000000)
  eden space 97280K, 0% used [0x00000000e0980000,0x00000000e0980000,0x00000000e6880000)
  from space 6144K, 55% used [0x00000000e6880000,0x00000000e6bcf9d0,0x00000000e6e80000)
  to   space 5120K, 0% used [0x00000000e6e80000,0x00000000e6e80000,0x00000000e7380000)
 ParOldGen       total 37376K, used 5475K [0x00000000a1c00000, 0x00000000a4080000, 0x00000000e0980000)
  object space 37376K, 14% used [0x00000000a1c00000,0x00000000a2158fb8,0x00000000a4080000)
 Metaspace       used 23199K, capacity 24442K, committed 24828K, reserved 1071104K
  class space    used 2710K, capacity 2957K, committed 3072K, reserved 1048576K
}
Event: 17.315 GC heap before
{Heap before GC invocations=11 (full 1):
 PSYoungGen      total 103424K, used 100670K [0x00000000e0980000, 0x00000000e7580000, 0x0000000100000000)
  eden space 97280K, 100% used [0x00000000e0980000,0x00000000e6880000,0x00000000e6880000)
  from space 6144K, 55% used [0x00000000e6880000,0x00000000e6bcf9d0,0x00000000e6e80000)
  to   space 5120K, 0% used [0x00000000e6e80000,0x00000000e6e80000,0x00000000e7380000)
 ParOldGen       total 37376K, used 5475K [0x00000000a1c00000, 0x00000000a4080000, 0x00000000e0980000)
  object space 37376K, 14% used [0x00000000a1c00000,0x00000000a2158fb8,0x00000000a4080000)
 Metaspace       used 26206K, capacity 27638K, committed 27772K, reserved 1073152K
  class space    used 3060K, capacity 3349K, committed 3456K, reserved 1048576K
Event: 17.329 GC heap after
Heap after GC invocations=11 (full 1):
 PSYoungGen      total 102400K, used 4709K [0x00000000e0980000, 0x00000000e7580000, 0x0000000100000000)
  eden space 97280K, 0% used [0x00000000e0980000,0x00000000e0980000,0x00000000e6880000)
  from space 5120K, 91% used [0x00000000e6e80000,0x00000000e7319538,0x00000000e7380000)
  to   space 6144K, 0% used [0x00000000e6880000,0x00000000e6880000,0x00000000e6e80000)
 ParOldGen       total 37376K, used 5483K [0x00000000a1c00000, 0x00000000a4080000, 0x00000000e0980000)
  object space 37376K, 14% used [0x00000000a1c00000,0x00000000a215afb8,0x00000000a4080000)
 Metaspace       used 26206K, capacity 27638K, committed 27772K, reserved 1073152K
  class space    used 3060K, capacity 3349K, committed 3456K, reserved 1048576K
}
Event: 17.795 GC heap before
{Heap before GC invocations=12 (full 1):
 PSYoungGen      total 102400K, used 101989K [0x00000000e0980000, 0x00000000e7580000, 0x0000000100000000)
  eden space 97280K, 100% used [0x00000000e0980000,0x00000000e6880000,0x00000000e6880000)
  from space 5120K, 91% used [0x00000000e6e80000,0x00000000e7319538,0x00000000e7380000)
  to   space 6144K, 0% used [0x00000000e6880000,0x00000000e6880000,0x00000000e6e80000)
 ParOldGen       total 37376K, used 5483K [0x00000000a1c00000, 0x00000000a4080000, 0x00000000e0980000)
  object space 37376K, 14% used [0x00000000a1c00000,0x00000000a215afb8,0x00000000a4080000)
 Metaspace       used 26577K, capacity 27982K, committed 28284K, reserved 1075200K
  class space    used 3094K, capacity 3389K, committed 3456K, reserved 1048576K
Event: 17.805 GC heap after
Heap after GC invocations=12 (full 1):
 PSYoungGen      total 103424K, used 902K [0x00000000e0980000, 0x00000000e7580000, 0x0000000100000000)
  eden space 97280K, 0% used [0x00000000e0980000,0x00000000e0980000,0x00000000e6880000)
  from space 6144K, 14% used [0x00000000e6880000,0x00000000e6961ab8,0x00000000e6e80000)
  to   space 5120K, 0% used [0x00000000e6e80000,0x00000000e6e80000,0x00000000e7380000)
 ParOldGen       total 37376K, used 7816K [0x00000000a1c00000, 0x00000000a4080000, 0x00000000e0980000)
  object space 37376K, 20% used [0x00000000a1c00000,0x00000000a23a21f0,0x00000000a4080000)
 Metaspace       used 26577K, capacity 27982K, committed 28284K, reserved 1075200K
  class space    used 3094K, capacity 3389K, committed 3456K, reserved 1048576K
}
Event: 18.123 GC heap before
{Heap before GC invocations=13 (full 1):
 PSYoungGen      total 103424K, used 98182K [0x00000000e0980000, 0x00000000e7580000, 0x0000000100000000)
  eden space 97280K, 100% used [0x00000000e0980000,0x00000000e6880000,0x00000000e6880000)
  from space 6144K, 14% used [0x00000000e6880000,0x00000000e6961ab8,0x00000000e6e80000)
  to   space 5120K, 0% used [0x00000000e6e80000,0x00000000e6e80000,0x00000000e7380000)
 ParOldGen       total 37376K, used 7816K [0x00000000a1c00000, 0x00000000a4080000, 0x00000000e0980000)
  object space 37376K, 20% used [0x00000000a1c00000,0x00000000a23a21f0,0x00000000a4080000)
 Metaspace       used 26773K, capacity 28288K, committed 28540K, reserved 1075200K
  class space    used 3108K, capacity 3422K, committed 3456K, reserved 1048576K
Event: 18.127 GC heap after
Heap after GC invocations=13 (full 1):
 PSYoungGen      total 101888K, used 490K [0x00000000e0980000, 0x00000000e9b00000, 0x0000000100000000)
  eden space 96768K, 0% used [0x00000000e0980000,0x00000000e0980000,0x00000000e6800000)
  from space 5120K, 9% used [0x00000000e6e80000,0x00000000e6efabb0,0x00000000e7380000)
  to   space 6656K, 0% used [0x00000000e6800000,0x00000000e6800000,0x00000000e6e80000)
 ParOldGen       total 37376K, used 8176K [0x00000000a1c00000, 0x00000000a4080000, 0x00000000e0980000)
  object space 37376K, 21% used [0x00000000a1c00000,0x00000000a23fc1f0,0x00000000a4080000)
 Metaspace       used 26773K, capacity 28288K, committed 28540K, reserved 1075200K
  class space    used 3108K, capacity 3422K, committed 3456K, reserved 1048576K
}

