# JRE version: Java(TM) SE Runtime Environment (8.0_201-b09) (build 1.8.0_201-b09)
# Java VM: Java HotSpot(TM) 64-Bit Server VM (25.201-b09 mixed mode windows-amd64 compressed oops)
Heap:
 PSYoungGen      total 103936K, used 27148K [0x00000000e0980000, 0x00000000e7700000, 0x0000000100000000)
  eden space 95744K, 19% used [0x00000000e0980000,0x00000000e1c04738,0x00000000e6700000)
  from space 8192K, 99% used [0x00000000e6700000,0x00000000e6efe9b8,0x00000000e6f00000)
  to   space 8192K, 0% used [0x00000000e6f00000,0x00000000e6f00000,0x00000000e7700000)
 ParOldGen       total 43008K, used 11033K [0x00000000a1c00000, 0x00000000a4600000, 0x00000000e0980000)
  object space 43008K, 25% used [0x00000000a1c00000,0x00000000a26c6760,0x00000000a4600000)
 Metaspace       used 33092K, capacity 35125K, committed 35376K, reserved 1079296K
  class space    used 4464K, capacity 4843K, committed 4912K, reserved 1048576K
GC Heap History (10 events):
Event: 11.016 GC heap before
{Heap before GC invocations=8 (full 1):
 PSYoungGen      total 43520K, used 43465K [0x00000000e0980000, 0x00000000e4480000, 0x0000000100000000)
  eden space 40448K, 100% used [0x00000000e0980000,0x00000000e3100000,0x00000000e3100000)
  from space 3072K, 98% used [0x00000000e4180000,0x00000000e4472508,0x00000000e4480000)
  to   space 8192K, 0% used [0x00000000e3480000,0x00000000e3480000,0x00000000e3c80000)
 ParOldGen       total 43008K, used 6070K [0x00000000a1c00000, 0x00000000a4600000, 0x00000000e0980000)
  object space 43008K, 14% used [0x00000000a1c00000,0x00000000a21eda80,0x00000000a4600000)
 Metaspace       used 22436K, capacity 23909K, committed 23984K, reserved 1071104K
  class space    used 2887K, capacity 3203K, committed 3248K, reserved 1048576K
Event: 11.031 GC heap after
Heap after GC invocations=8 (full 1):
 PSYoungGen      total 52224K, used 2630K [0x00000000e0980000, 0x00000000e5c00000, 0x0000000100000000)
  eden space 44032K, 0% used [0x00000000e0980000,0x00000000e0980000,0x00000000e3480000)
  from space 8192K, 32% used [0x00000000e3480000,0x00000000e3711ab8,0x00000000e3c80000)
  to   space 8704K, 0% used [0x00000000e5380000,0x00000000e5380000,0x00000000e5c00000)
 ParOldGen       total 43008K, used 6070K [0x00000000a1c00000, 0x00000000a4600000, 0x00000000e0980000)
  object space 43008K, 14% used [0x00000000a1c00000,0x00000000a21eda80,0x00000000a4600000)
 Metaspace       used 22436K, capacity 23909K, committed 23984K, reserved 1071104K
  class space    used 2887K, capacity 3203K, committed 3248K, reserved 1048576K
}
Event: 11.355 GC heap before
{Heap before GC invocations=9 (full 1):
 PSYoungGen      total 52224K, used 46662K [0x00000000e0980000, 0x00000000e5c00000, 0x0000000100000000)
  eden space 44032K, 100% used [0x00000000e0980000,0x00000000e3480000,0x00000000e3480000)
  from space 8192K, 32% used [0x00000000e3480000,0x00000000e3711ab8,0x00000000e3c80000)
  to   space 8704K, 0% used [0x00000000e5380000,0x00000000e5380000,0x00000000e5c00000)
 ParOldGen       total 43008K, used 6070K [0x00000000a1c00000, 0x00000000a4600000, 0x00000000e0980000)
  object space 43008K, 14% used [0x00000000a1c00000,0x00000000a21eda80,0x00000000a4600000)
 Metaspace       used 22619K, capacity 24125K, committed 24240K, reserved 1071104K
  class space    used 2902K, capacity 3205K, committed 3248K, reserved 1048576K
Event: 11.364 GC heap after
Heap after GC invocations=9 (full 1):
 PSYoungGen      total 75776K, used 2489K [0x00000000e0980000, 0x00000000e6300000, 0x0000000100000000)
  eden space 67072K, 0% used [0x00000000e0980000,0x00000000e0980000,0x00000000e4b00000)
  from space 8704K, 28% used [0x00000000e5380000,0x00000000e55ee6b0,0x00000000e5c00000)
  to   space 8704K, 0% used [0x00000000e4b00000,0x00000000e4b00000,0x00000000e5380000)
 ParOldGen       total 43008K, used 6078K [0x00000000a1c00000, 0x00000000a4600000, 0x00000000e0980000)
  object space 43008K, 14% used [0x00000000a1c00000,0x00000000a21efa80,0x00000000a4600000)
 Metaspace       used 22619K, capacity 24125K, committed 24240K, reserved 1071104K
  class space    used 2902K, capacity 3205K, committed 3248K, reserved 1048576K
}
Event: 11.923 GC heap before
{Heap before GC invocations=10 (full 1):
 PSYoungGen      total 75776K, used 69561K [0x00000000e0980000, 0x00000000e6300000, 0x0000000100000000)
  eden space 67072K, 100% used [0x00000000e0980000,0x00000000e4b00000,0x00000000e4b00000)
  from space 8704K, 28% used [0x00000000e5380000,0x00000000e55ee6b0,0x00000000e5c00000)
  to   space 8704K, 0% used [0x00000000e4b00000,0x00000000e4b00000,0x00000000e5380000)
 ParOldGen       total 43008K, used 6078K [0x00000000a1c00000, 0x00000000a4600000, 0x00000000e0980000)
  object space 43008K, 14% used [0x00000000a1c00000,0x00000000a21efa80,0x00000000a4600000)
 Metaspace       used 23047K, capacity 24537K, committed 24880K, reserved 1071104K
  class space    used 2956K, capacity 3255K, committed 3376K, reserved 1048576K
Event: 11.942 GC heap after
Heap after GC invocations=10 (full 1):
 PSYoungGen      total 75776K, used 3713K [0x00000000e0980000, 0x00000000e7700000, 0x0000000100000000)
  eden space 67072K, 0% used [0x00000000e0980000,0x00000000e0980000,0x00000000e4b00000)
  from space 8704K, 42% used [0x00000000e4b00000,0x00000000e4ea07f8,0x00000000e5380000)
  to   space 8192K, 0% used [0x00000000e6f00000,0x00000000e6f00000,0x00000000e7700000)
 ParOldGen       total 43008K, used 7341K [0x00000000a1c00000, 0x00000000a4600000, 0x00000000e0980000)
  object space 43008K, 17% used [0x00000000a1c00000,0x00000000a232b648,0x00000000a4600000)
 Metaspace       used 23047K, capacity 24537K, committed 24880K, reserved 1071104K
  class space    used 2956K, capacity 3255K, committed 3376K, reserved 1048576K
}
Event: 12.253 GC heap before
{Heap before GC invocations=11 (full 1):
 PSYoungGen      total 75776K, used 70785K [0x00000000e0980000, 0x00000000e7700000, 0x0000000100000000)
  eden space 67072K, 100% used [0x00000000e0980000,0x00000000e4b00000,0x00000000e4b00000)
  from space 8704K, 42% used [0x00000000e4b00000,0x00000000e4ea07f8,0x00000000e5380000)
  to   space 8192K, 0% used [0x00000000e6f00000,0x00000000e6f00000,0x00000000e7700000)
 ParOldGen       total 43008K, used 7341K [0x00000000a1c00000, 0x00000000a4600000, 0x00000000e0980000)
  object space 43008K, 17% used [0x00000000a1c00000,0x00000000a232b648,0x00000000a4600000)
 Metaspace       used 23274K, capacity 24793K, committed 24880K, reserved 1071104K
  class space    used 2986K, capacity 3293K, committed 3376K, reserved 1048576K
Event: 12.262 GC heap after
Heap after GC invocations=11 (full 1):
 PSYoungGen      total 103936K, used 1395K [0x00000000e0980000, 0x00000000e7700000, 0x0000000100000000)
  eden space 95744K, 0% used [0x00000000e0980000,0x00000000e0980000,0x00000000e6700000)
  from space 8192K, 17% used [0x00000000e6f00000,0x00000000e705ce30,0x00000000e7700000)
  to   space 8192K, 0% used [0x00000000e6700000,0x00000000e6700000,0x00000000e6f00000)
 ParOldGen       total 43008K, used 8275K [0x00000000a1c00000, 0x00000000a4600000, 0x00000000e0980000)
  object space 43008K, 19% used [0x00000000a1c00000,0x00000000a2414e58,0x00000000a4600000)
 Metaspace       used 23274K, capacity 24793K, committed 24880K, reserved 1071104K
  class space    used 2986K, capacity 3293K, committed 3376K, reserved 1048576K
}
Event: 20.250 GC heap before
{Heap before GC invocations=12 (full 1):
 PSYoungGen      total 103936K, used 97139K [0x00000000e0980000, 0x00000000e7700000, 0x0000000100000000)
  eden space 95744K, 100% used [0x00000000e0980000,0x00000000e6700000,0x00000000e6700000)
  from space 8192K, 17% used [0x00000000e6f00000,0x00000000e705ce30,0x00000000e7700000)
  to   space 8192K, 0% used [0x00000000e6700000,0x00000000e6700000,0x00000000e6f00000)
 ParOldGen       total 43008K, used 8275K [0x00000000a1c00000, 0x00000000a4600000, 0x00000000e0980000)
  object space 43008K, 19% used [0x00000000a1c00000,0x00000000a2414e58,0x00000000a4600000)
 Metaspace       used 30881K, capacity 32805K, committed 32944K, reserved 1077248K
  class space    used 4112K, capacity 4481K, committed 4528K, reserved 1048576K
Event: 20.296 GC heap after
Heap after GC invocations=12 (full 1):
 PSYoungGen      total 103936K, used 8186K [0x00000000e0980000, 0x00000000e7700000, 0x0000000100000000)
  eden space 95744K, 0% used [0x00000000e0980000,0x00000000e0980000,0x00000000e6700000)
  from space 8192K, 99% used [0x00000000e6700000,0x00000000e6efe9b8,0x00000000e6f00000)
  to   space 8192K, 0% used [0x00000000e6f00000,0x00000000e6f00000,0x00000000e7700000)
 ParOldGen       total 43008K, used 11033K [0x00000000a1c00000, 0x00000000a4600000, 0x00000000e0980000)
  object space 43008K, 25% used [0x00000000a1c00000,0x00000000a26c6760,0x00000000a4600000)
 Metaspace       used 30881K, capacity 32805K, committed 32944K, reserved 1077248K
  class space    used 4112K, capacity 4481K, committed 4528K, reserved 1048576K
}

