# JRE version: Java(TM) SE Runtime Environment (8.0_201-b09) (build 1.8.0_201-b09)
# Java VM: Java HotSpot(TM) 64-Bit Server VM (25.201-b09 mixed mode windows-amd64 compressed oops)
Heap:
 PSYoungGen      total 80384K, used 15134K [0x00000000e0980000, 0x00000000e6100000, 0x0000000100000000)
  eden space 74240K, 13% used [0x00000000e0980000,0x00000000e13604c0,0x00000000e5200000)
  from space 6144K, 81% used [0x00000000e5b00000,0x00000000e5fe7490,0x00000000e6100000)
  to   space 7680K, 0% used [0x00000000e5200000,0x00000000e5200000,0x00000000e5980000)
 ParOldGen       total 43520K, used 5789K [0x00000000a1c00000, 0x00000000a4680000, 0x00000000e0980000)
  object space 43520K, 13% used [0x00000000a1c00000,0x00000000a21a75b0,0x00000000a4680000)
 Metaspace       used 22704K, capacity 23686K, committed 23936K, reserved 1071104K
  class space    used 2893K, capacity 3097K, committed 3200K, reserved 1048576K
GC Heap History (10 events):
Event: 6.903 GC heap before
{Heap before GC invocations=5 (full 0):
 PSYoungGen      total 53248K, used 53237K [0x00000000e0980000, 0x00000000e4180000, 0x0000000100000000)
  eden space 49152K, 100% used [0x00000000e0980000,0x00000000e3980000,0x00000000e3980000)
  from space 4096K, 99% used [0x00000000e3d80000,0x00000000e417d480,0x00000000e4180000)
  to   space 4096K, 0% used [0x00000000e3980000,0x00000000e3980000,0x00000000e3d80000)
 ParOldGen       total 65536K, used 1415K [0x00000000a1c00000, 0x00000000a5c00000, 0x00000000e0980000)
  object space 65536K, 2% used [0x00000000a1c00000,0x00000000a1d61dd0,0x00000000a5c00000)
 Metaspace       used 19122K, capacity 19770K, committed 19968K, reserved 1067008K
  class space    used 2397K, capacity 2557K, committed 2560K, reserved 1048576K
Event: 6.925 GC heap after
Heap after GC invocations=5 (full 0):
 PSYoungGen      total 53248K, used 4082K [0x00000000e0980000, 0x00000000e4180000, 0x0000000100000000)
  eden space 49152K, 0% used [0x00000000e0980000,0x00000000e0980000,0x00000000e3980000)
  from space 4096K, 99% used [0x00000000e3980000,0x00000000e3d7caa8,0x00000000e3d80000)
  to   space 4096K, 0% used [0x00000000e3d80000,0x00000000e3d80000,0x00000000e4180000)
 ParOldGen       total 65536K, used 4220K [0x00000000a1c00000, 0x00000000a5c00000, 0x00000000e0980000)
  object space 65536K, 6% used [0x00000000a1c00000,0x00000000a201f070,0x00000000a5c00000)
 Metaspace       used 19122K, capacity 19770K, committed 19968K, reserved 1067008K
  class space    used 2397K, capacity 2557K, committed 2560K, reserved 1048576K
}
Event: 7.389 GC heap before
{Heap before GC invocations=6 (full 0):
 PSYoungGen      total 53248K, used 29757K [0x00000000e0980000, 0x00000000e4180000, 0x0000000100000000)
  eden space 49152K, 52% used [0x00000000e0980000,0x00000000e2292c30,0x00000000e3980000)
  from space 4096K, 99% used [0x00000000e3980000,0x00000000e3d7caa8,0x00000000e3d80000)
  to   space 4096K, 0% used [0x00000000e3d80000,0x00000000e3d80000,0x00000000e4180000)
 ParOldGen       total 65536K, used 4220K [0x00000000a1c00000, 0x00000000a5c00000, 0x00000000e0980000)
  object space 65536K, 6% used [0x00000000a1c00000,0x00000000a201f070,0x00000000a5c00000)
 Metaspace       used 20404K, capacity 21102K, committed 21248K, reserved 1067008K
  class space    used 2525K, capacity 2733K, committed 2816K, reserved 1048576K
Event: 7.407 GC heap after
Heap after GC invocations=6 (full 0):
 PSYoungGen      total 53248K, used 4073K [0x00000000e0980000, 0x00000000e4180000, 0x0000000100000000)
  eden space 49152K, 0% used [0x00000000e0980000,0x00000000e0980000,0x00000000e3980000)
  from space 4096K, 99% used [0x00000000e3d80000,0x00000000e417a720,0x00000000e4180000)
  to   space 4096K, 0% used [0x00000000e3980000,0x00000000e3980000,0x00000000e3d80000)
 ParOldGen       total 65536K, used 5773K [0x00000000a1c00000, 0x00000000a5c00000, 0x00000000e0980000)
  object space 65536K, 8% used [0x00000000a1c00000,0x00000000a21a35c0,0x00000000a5c00000)
 Metaspace       used 20404K, capacity 21102K, committed 21248K, reserved 1067008K
  class space    used 2525K, capacity 2733K, committed 2816K, reserved 1048576K
}
Event: 7.407 GC heap before
{Heap before GC invocations=7 (full 1):
 PSYoungGen      total 53248K, used 4073K [0x00000000e0980000, 0x00000000e4180000, 0x0000000100000000)
  eden space 49152K, 0% used [0x00000000e0980000,0x00000000e0980000,0x00000000e3980000)
  from space 4096K, 99% used [0x00000000e3d80000,0x00000000e417a720,0x00000000e4180000)
  to   space 4096K, 0% used [0x00000000e3980000,0x00000000e3980000,0x00000000e3d80000)
 ParOldGen       total 65536K, used 5773K [0x00000000a1c00000, 0x00000000a5c00000, 0x00000000e0980000)
  object space 65536K, 8% used [0x00000000a1c00000,0x00000000a21a35c0,0x00000000a5c00000)
 Metaspace       used 20404K, capacity 21102K, committed 21248K, reserved 1067008K
  class space    used 2525K, capacity 2733K, committed 2816K, reserved 1048576K
Event: 7.542 GC heap after
Heap after GC invocations=7 (full 1):
 PSYoungGen      total 53248K, used 0K [0x00000000e0980000, 0x00000000e4180000, 0x0000000100000000)
  eden space 49152K, 0% used [0x00000000e0980000,0x00000000e0980000,0x00000000e3980000)
  from space 4096K, 0% used [0x00000000e3d80000,0x00000000e3d80000,0x00000000e4180000)
  to   space 4096K, 0% used [0x00000000e3980000,0x00000000e3980000,0x00000000e3d80000)
 ParOldGen       total 43520K, used 5789K [0x00000000a1c00000, 0x00000000a4680000, 0x00000000e0980000)
  object space 43520K, 13% used [0x00000000a1c00000,0x00000000a21a75b0,0x00000000a4680000)
 Metaspace       used 20402K, capacity 21096K, committed 21248K, reserved 1067008K
  class space    used 2524K, capacity 2732K, committed 2816K, reserved 1048576K
}
Event: 9.231 GC heap before
{Heap before GC invocations=8 (full 1):
 PSYoungGen      total 53248K, used 49152K [0x00000000e0980000, 0x00000000e4180000, 0x0000000100000000)
  eden space 49152K, 100% used [0x00000000e0980000,0x00000000e3980000,0x00000000e3980000)
  from space 4096K, 0% used [0x00000000e3d80000,0x00000000e3d80000,0x00000000e4180000)
  to   space 4096K, 0% used [0x00000000e3980000,0x00000000e3980000,0x00000000e3d80000)
 ParOldGen       total 43520K, used 5789K [0x00000000a1c00000, 0x00000000a4680000, 0x00000000e0980000)
  object space 43520K, 13% used [0x00000000a1c00000,0x00000000a21a75b0,0x00000000a4680000)
 Metaspace       used 20937K, capacity 21792K, committed 22144K, reserved 1069056K
  class space    used 2636K, capacity 2840K, committed 2944K, reserved 1048576K
Event: 9.241 GC heap after
Heap after GC invocations=8 (full 1):
 PSYoungGen      total 53248K, used 3042K [0x00000000e0980000, 0x00000000e6280000, 0x0000000100000000)
  eden space 49152K, 0% used [0x00000000e0980000,0x00000000e0980000,0x00000000e3980000)
  from space 4096K, 74% used [0x00000000e3980000,0x00000000e3c78a08,0x00000000e3d80000)
  to   space 7680K, 0% used [0x00000000e5b00000,0x00000000e5b00000,0x00000000e6280000)
 ParOldGen       total 43520K, used 5789K [0x00000000a1c00000, 0x00000000a4680000, 0x00000000e0980000)
  object space 43520K, 13% used [0x00000000a1c00000,0x00000000a21a75b0,0x00000000a4680000)
 Metaspace       used 20937K, capacity 21792K, committed 22144K, reserved 1069056K
  class space    used 2636K, capacity 2840K, committed 2944K, reserved 1048576K
}
Event: 11.301 GC heap before
{Heap before GC invocations=9 (full 1):
 PSYoungGen      total 53248K, used 52194K [0x00000000e0980000, 0x00000000e6280000, 0x0000000100000000)
  eden space 49152K, 100% used [0x00000000e0980000,0x00000000e3980000,0x00000000e3980000)
  from space 4096K, 74% used [0x00000000e3980000,0x00000000e3c78a08,0x00000000e3d80000)
  to   space 7680K, 0% used [0x00000000e5b00000,0x00000000e5b00000,0x00000000e6280000)
 ParOldGen       total 43520K, used 5789K [0x00000000a1c00000, 0x00000000a4680000, 0x00000000e0980000)
  object space 43520K, 13% used [0x00000000a1c00000,0x00000000a21a75b0,0x00000000a4680000)
 Metaspace       used 22196K, capacity 23146K, committed 23296K, reserved 1069056K
  class space    used 2820K, capacity 3039K, committed 3072K, reserved 1048576K
Event: 11.323 GC heap after
Heap after GC invocations=9 (full 1):
 PSYoungGen      total 80384K, used 5021K [0x00000000e0980000, 0x00000000e6100000, 0x0000000100000000)
  eden space 74240K, 0% used [0x00000000e0980000,0x00000000e0980000,0x00000000e5200000)
  from space 6144K, 81% used [0x00000000e5b00000,0x00000000e5fe7490,0x00000000e6100000)
  to   space 7680K, 0% used [0x00000000e5200000,0x00000000e5200000,0x00000000e5980000)
 ParOldGen       total 43520K, used 5789K [0x00000000a1c00000, 0x00000000a4680000, 0x00000000e0980000)
  object space 43520K, 13% used [0x00000000a1c00000,0x00000000a21a75b0,0x00000000a4680000)
 Metaspace       used 22196K, capacity 23146K, committed 23296K, reserved 1069056K
  class space    used 2820K, capacity 3039K, committed 3072K, reserved 1048576K
}

